<?xml version="1.0" encoding="UTF-8"?>
<!-- Generated by org.testng.reporters.JUnitXMLReporter -->
<testsuite hostname="ATMECSINLT-043" failures="0" tests="7" name="Default test" time="33.658" errors="0" timestamp="13 Oct 2019 06:58:14 GMT">
  <testcase classname="com.atmecs.konakart.testscripts.SearchPage" name="setup" time="21.069"/>
  <testcase classname="com.atmecs.konakart.testscripts.SearchPage" name="clickOnSearch" time="0.155"/>
  <testcase classname="com.atmecs.konakart.testscripts.SearchPage" name="enterData" time="3.078"/>
  <testcase classname="com.atmecs.konakart.testscripts.SearchPage" name="enterData" time="2.03"/>
  <testcase classname="com.atmecs.konakart.testscripts.SearchPage" name="selectFromDropDown" time="0.328"/>
  <testcase classname="com.atmecs.konakart.testscripts.SearchPage" name="validateInvalidOutcome" time="3.1"/>
  <testcase classname="com.atmecs.konakart.testscripts.SearchPage" name="validateValidOutcome" time="3.13"/>
</testsuite> <!-- Default test -->
