<?xml version="1.0" encoding="UTF-8"?>
<testng-results total="7" passed="7" failed="0" skipped="0">
  <reporter-output>
  </reporter-output>
  <suite started-at="2019-10-13T06:57:40Z" name="Default suite" finished-at="2019-10-13T06:58:14Z" duration-ms="33658">
    <groups>
    </groups>
    <test started-at="2019-10-13T06:57:40Z" name="Default test" finished-at="2019-10-13T06:58:14Z" duration-ms="33658">
      <class name="com.atmecs.konakart.testscripts.SearchPage">
        <test-method signature="setup()[pri:0, instance:com.atmecs.konakart.testscripts.SearchPage@27ce24aa]" started-at="2019-10-13T12:27:40Z" name="setup" finished-at="2019-10-13T12:28:01Z" duration-ms="21069" status="PASS">
          <reporter-output>
          </reporter-output>
        </test-method> <!-- setup -->
        <test-method signature="clickOnSearch()[pri:0, instance:com.atmecs.konakart.testscripts.SearchPage@27ce24aa]" started-at="2019-10-13T12:28:01Z" name="clickOnSearch" finished-at="2019-10-13T12:28:01Z" duration-ms="155" status="PASS">
          <reporter-output>
          </reporter-output>
        </test-method> <!-- clickOnSearch -->
        <test-method signature="enterData([Ljava.lang.String;)[pri:0, instance:com.atmecs.konakart.testscripts.SearchPage@27ce24aa]" started-at="2019-10-13T12:28:02Z" name="enterData" data-provider="data" finished-at="2019-10-13T12:28:05Z" duration-ms="3078" status="PASS">
          <params>
            <param index="0">
              <value>
                <![CDATA[[Ljava.lang.String;@29f0802c]]>
              </value>
            </param>
          </params>
          <reporter-output>
          </reporter-output>
        </test-method> <!-- enterData -->
        <test-method signature="enterData([Ljava.lang.String;)[pri:0, instance:com.atmecs.konakart.testscripts.SearchPage@27ce24aa]" started-at="2019-10-13T12:28:05Z" name="enterData" data-provider="data" finished-at="2019-10-13T12:28:07Z" duration-ms="2030" status="PASS">
          <params>
            <param index="0">
              <value>
                <![CDATA[[Ljava.lang.String;@3a60c416]]>
              </value>
            </param>
          </params>
          <reporter-output>
          </reporter-output>
        </test-method> <!-- enterData -->
        <test-method signature="selectFromDropDown()[pri:0, instance:com.atmecs.konakart.testscripts.SearchPage@27ce24aa]" started-at="2019-10-13T12:28:07Z" name="selectFromDropDown" finished-at="2019-10-13T12:28:07Z" duration-ms="328" status="PASS">
          <reporter-output>
          </reporter-output>
        </test-method> <!-- selectFromDropDown -->
        <test-method signature="validateInvalidOutcome()[pri:0, instance:com.atmecs.konakart.testscripts.SearchPage@27ce24aa]" started-at="2019-10-13T12:28:07Z" name="validateInvalidOutcome" finished-at="2019-10-13T12:28:10Z" duration-ms="3100" status="PASS">
          <reporter-output>
          </reporter-output>
        </test-method> <!-- validateInvalidOutcome -->
        <test-method signature="validateValidOutcome()[pri:0, instance:com.atmecs.konakart.testscripts.SearchPage@27ce24aa]" started-at="2019-10-13T12:28:10Z" name="validateValidOutcome" finished-at="2019-10-13T12:28:13Z" duration-ms="3130" status="PASS">
          <reporter-output>
          </reporter-output>
        </test-method> <!-- validateValidOutcome -->
      </class> <!-- com.atmecs.konakart.testscripts.SearchPage -->
    </test> <!-- Default test -->
  </suite> <!-- Default suite -->
</testng-results>
